$ /home/vishva/toolchains/llvm13/bin/clang -emit-llvm -c -g -O0 -Xclang -disable-O0-optnone -I /snap/klee/20/usr/local/include /home/vishva/ChainingPaper/confirmed/tcpdump-4.9.2/composition/driver_03_09.c -o /home/vishva/ChainingPaper/confirmed/tcpdump-4.9.2/composition/klee_results/03_09/d.bc

$ /home/vishva/toolchains/llvm13/bin/llvm-link /home/vishva/ChainingPaper/confirmed/tcpdump-4.9.2/composition/klee_results/03_09/d.bc /home/vishva/ChainingPaper/confirmed/tcpdump-4.9.2/composition/klee_results/predicates/p03.bc /home/vishva/ChainingPaper/confirmed/tcpdump-4.9.2/composition/klee_results/predicates/p09.bc -o /home/vishva/ChainingPaper/confirmed/tcpdump-4.9.2/composition/klee_results/03_09/linked.bc

$ klee --max-time=300 --output-dir=/home/vishva/ChainingPaper/confirmed/tcpdump-4.9.2/composition/klee_results/03_09/klee-out --only-output-states-covering-new --max-memory=1500 /home/vishva/ChainingPaper/confirmed/tcpdump-4.9.2/composition/klee_results/03_09/linked.bc
KLEE: WARNING: Module and host target triples do not match: 'x86_64-unknown-linux-gnu' != 'x86_64-pc-linux-gnu'
This may cause unexpected crashes or assertion violations.
KLEE: output directory is "/home/vishva/ChainingPaper/confirmed/tcpdump-4.9.2/composition/klee_results/03_09/klee-out"
KLEE: Using STP solver backend
KLEE: SAT solver: MiniSat
KLEE: Deterministic allocator: Using quarantine queue size 8
KLEE: Deterministic allocator: globals (start-address=0x7a9f9b800000 size=10 GiB)
KLEE: Deterministic allocator: constants (start-address=0x7a9d1b800000 size=10 GiB)
KLEE: Deterministic allocator: heap (start-address=0x799d1b800000 size=1024 GiB)
KLEE: Deterministic allocator: stack (start-address=0x797d1b800000 size=128 GiB)
KLEE: ERROR: driver_03_09.c:42: ASSERTION FAIL: 0 && "BOTH_REACHABLE_03_09"
KLEE: NOTE: now ignoring this error at this location
KLEE: WARNING ONCE: skipping fork (memory cap exceeded)
KLEE: HaltTimer invoked
KLEE: halting execution, dumping remaining states

KLEE: done: total instructions = 16943307
KLEE: done: completed paths = 41673
KLEE: done: partially completed paths = 327008
KLEE: done: generated tests = 7

$ klee.ktest-tool /home/vishva/ChainingPaper/confirmed/tcpdump-4.9.2/composition/klee_results/03_09/klee-out/test000004.ktest
ktest file : '/home/vishva/ChainingPaper/confirmed/tcpdump-4.9.2/composition/klee_results/03_09/klee-out/test000004.ktest'
args       : ['/home/vishva/ChainingPaper/confirmed/tcpdump-4.9.2/composition/klee_results/03_09/linked.bc']
num objects: 2
object 0: name: 'buf'
object 0: size: 64
object 0: data: b'\xff\xff\xff\xff\xff\xff\xff\xff\xff\xff\xff\xff\xff\xff\xff\xff\xff\xff\xff\xff\xff\xff\xff\xff\xff\xff\xff\xff\xff\xff\xff\xff\xff\xff\xff\xff\xff\xff\xff\xff\xff\xff\xff\xff\xff\xff\xff\xff\xff\xff\xff\xff\xff\xff\xff\xff\xff\xff\xff\xff\xff\xff\xff\xff'
object 0: hex : 0xffffffffffffffffffffffffffffffffffffffffffffffffffffffffffffffffffffffffffffffffffffffffffffffffffffffffffffffffffffffffffffffff
object 0: text: ................................................................
object 1: name: 'len'
object 1: size: 4
object 1: data: b'\x13\x00\x00\x00'
object 1: hex : 0x13000000
object 1: int : 19
object 1: uint: 19
object 1: text: ....

