[+] compiling predicates -> /home/vishva/ChainingPaper/confirmed/tcpdump-4.9.2/composition/klee_results/predicates
[+] 66 driver pairs queued, jobs=3
[1/66] 01_02: SAT (instr=195898 tests=7757) [325s elapsed]
[2/66] 01_05: SAT (instr=1108 tests=5) [328s elapsed]
[3/66] 01_06: SAT (instr=621 tests=8) [329s elapsed]
[4/66] 01_07: SAT (instr=836 tests=5) [329s elapsed]
[5/66] 01_08: SAT (instr=427 tests=5) [330s elapsed]
[6/66] 01_09: SAT (instr=7209 tests=262) [332s elapsed]
[7/66] 01_10: SAT (instr=406 tests=3) [333s elapsed]
[8/66] 01_11: SAT (instr=392 tests=3) [334s elapsed]
[9/66] 01_12: SAT (instr=392 tests=3) [334s elapsed]
[10/66] 01_03: SAT (instr=None tests=None) [454s elapsed]
[11/66] 01_04: SAT (instr=None tests=None) [454s elapsed]
[12/66] 02_03: UNSAT (instr=1091198 tests=33680) [667s elapsed]
[13/66] 02_05: SAT (instr=397589 tests=6294) [785s elapsed]
[14/66] 02_04: UNSAT (instr=1066822 tests=32875) [789s elapsed]
[15/66] 02_06: SAT (instr=435892 tests=5646) [995s elapsed]
[16/66] 02_07: SAT (instr=463452 tests=6620) [1112s elapsed]
[17/66] 02_08: SAT (instr=351604 tests=7515) [1113s elapsed]
[18/66] 02_09: SAT (instr=295187 tests=13095) [1318s elapsed]
[19/66] 02_10: SAT (instr=366015 tests=6662) [1441s elapsed]
[20/66] 02_11: SAT (instr=354052 tests=6720) [1442s elapsed]
[21/66] 02_12: SAT (instr=360442 tests=6675) [1646s elapsed]
[22/66] 03_04: UNSAT (instr=14833887 tests=239744) [1885s elapsed]
[23/66] 03_05: SAT (instr=None tests=None) [1893s elapsed]
[+] compiling predicates -> /home/vishva/ChainingPaper/confirmed/tcpdump-4.9.2/composition/klee_results/predicates
[+] 66 driver pairs queued, jobs=2
[1/66] 01_02: SAT (instr=195898 tests=7757) [0s elapsed]
[2/66] 01_04: SAT (instr=16499500 tests=12) [373s elapsed]
[3/66] 01_03: SAT (instr=17040961 tests=9) [373s elapsed]
[4/66] 01_05: SAT (instr=1108 tests=5) [373s elapsed]
[5/66] 01_06: SAT (instr=621 tests=8) [373s elapsed]
[6/66] 01_07: SAT (instr=836 tests=5) [373s elapsed]
[7/66] 01_08: SAT (instr=427 tests=5) [374s elapsed]
[8/66] 01_09: SAT (instr=7209 tests=262) [374s elapsed]
[9/66] 01_11: SAT (instr=392 tests=3) [374s elapsed]
[10/66] 01_10: SAT (instr=406 tests=3) [374s elapsed]
[11/66] 02_03: UNSAT (instr=1091198 tests=33680) [374s elapsed]
[12/66] 01_12: SAT (instr=392 tests=3) [374s elapsed]
[13/66] 02_04: UNSAT (instr=1066822 tests=32875) [374s elapsed]
[14/66] 02_05: SAT (instr=397589 tests=6294) [374s elapsed]
[15/66] 02_06: SAT (instr=435892 tests=5646) [374s elapsed]
[16/66] 02_07: SAT (instr=463452 tests=6620) [374s elapsed]
[17/66] 02_08: SAT (instr=351604 tests=7515) [375s elapsed]
[18/66] 02_09: SAT (instr=295187 tests=13095) [375s elapsed]
[19/66] 02_10: SAT (instr=366015 tests=6662) [375s elapsed]
[20/66] 02_11: SAT (instr=354052 tests=6720) [375s elapsed]
[21/66] 02_12: SAT (instr=360442 tests=6675) [375s elapsed]
[22/66] 03_04: UNSAT (instr=14833887 tests=239744) [376s elapsed]
[23/66] 03_06: SAT (instr=15448679 tests=9) [715s elapsed]
[24/66] 03_05: SAT (instr=16373826 tests=7) [734s elapsed]
[25/66] 03_07: SAT (instr=17466137 tests=9) [1053s elapsed]
[26/66] 03_08: SAT (instr=17382481 tests=7) [1070s elapsed]
[27/66] 03_09: SAT (instr=16943307 tests=7) [1387s elapsed]
[28/66] 03_10: SAT (instr=15027782 tests=7) [1408s elapsed]
[29/66] 03_11: SAT (instr=15329440 tests=7) [1725s elapsed]
[30/66] 03_12: SAT (instr=14491140 tests=7) [1743s elapsed]
[31/66] 04_05: UNSAT (instr=15519742 tests=11) [2061s elapsed]
[32/66] 04_06: UNSAT (instr=14711462 tests=15) [2080s elapsed]
[33/66] 04_07: UNSAT (instr=16486482 tests=13) [2398s elapsed]
[34/66] 04_08: UNSAT (instr=16472472 tests=11) [2416s elapsed]
[35/66] 04_09: SAT (instr=17792847 tests=11) [2732s elapsed]
[36/66] 04_10: UNSAT (instr=15284376 tests=11) [2753s elapsed]
[37/66] 04_11: UNSAT (instr=14824696 tests=11) [3067s elapsed]
[38/66] 05_06: SAT (instr=490 tests=4) [3067s elapsed]
[39/66] 05_07: SAT (instr=715 tests=3) [3068s elapsed]
[40/66] 05_08: SAT (instr=410 tests=3) [3068s elapsed]
[41/66] 05_09: SAT (instr=3799 tests=5) [3069s elapsed]
[42/66] 05_10: SAT (instr=414 tests=2) [3070s elapsed]
[43/66] 05_11: SAT (instr=406 tests=2) [3070s elapsed]
[44/66] 05_12: SAT (instr=410 tests=2) [3071s elapsed]
[45/66] 06_07: SAT (instr=969 tests=7) [3071s elapsed]
[46/66] 06_08: SAT (instr=359 tests=5) [3072s elapsed]
[47/66] 06_09: SAT (instr=4057 tests=7) [3073s elapsed]
[48/66] 06_10: SAT (instr=367 tests=5) [3076s elapsed]
[49/66] 06_11: SAT (instr=351 tests=5) [3077s elapsed]
[50/66] 06_12: SAT (instr=359 tests=5) [3077s elapsed]
[51/66] 07_08: SAT (instr=811 tests=5) [3078s elapsed]
[52/66] 07_09: SAT (instr=23165 tests=7) [3079s elapsed]
[53/66] 07_10: SAT (instr=755 tests=3) [3079s elapsed]
[54/66] 07_11: SAT (instr=723 tests=3) [3080s elapsed]
[55/66] 07_12: SAT (instr=739 tests=3) [3080s elapsed]
[56/66] 08_09: SAT (instr=3935 tests=5) [3082s elapsed]
[57/66] 08_10: SAT (instr=190 tests=3) [3082s elapsed]
[58/66] 08_11: SAT (instr=182 tests=3) [3082s elapsed]
[59/66] 08_12: SAT (instr=186 tests=3) [3083s elapsed]
[60/66] 09_10: SAT (instr=11722 tests=4) [3085s elapsed]
[61/66] 09_11: SAT (instr=11016 tests=4) [3087s elapsed]
[62/66] 04_12: UNSAT (instr=14832886 tests=11) [3088s elapsed]
[63/66] 10_11: SAT (instr=169 tests=2) [3088s elapsed]
[64/66] 09_12: SAT (instr=11362 tests=4) [3088s elapsed]
[65/66] 10_12: SAT (instr=165 tests=2) [3089s elapsed]
[66/66] 11_12: SAT (instr=161 tests=2) [3089s elapsed]
[+] wrote /home/vishva/ChainingPaper/confirmed/tcpdump-4.9.2/composition/metrics.csv
[+] wrote /home/vishva/ChainingPaper/confirmed/tcpdump-4.9.2/composition/shared_inputs.csv
[+] total elapsed: 3089s
