$ /home/vishva/toolchains/llvm13/bin/clang -emit-llvm -c -g -O0 -Xclang -disable-O0-optnone -I /snap/klee/20/usr/local/include /home/vishva/ChainingPaper/confirmed/tcpdump-4.9.2/composition/driver_02_11.c -o /home/vishva/ChainingPaper/confirmed/tcpdump-4.9.2/composition/klee_results/02_11/d.bc

$ /home/vishva/toolchains/llvm13/bin/llvm-link /home/vishva/ChainingPaper/confirmed/tcpdump-4.9.2/composition/klee_results/02_11/d.bc /home/vishva/ChainingPaper/confirmed/tcpdump-4.9.2/composition/klee_results/predicates/p02.bc /home/vishva/ChainingPaper/confirmed/tcpdump-4.9.2/composition/klee_results/predicates/p11.bc -o /home/vishva/ChainingPaper/confirmed/tcpdump-4.9.2/composition/klee_results/02_11/linked.bc

$ klee --max-time=300 --output-dir=/home/vishva/ChainingPaper/confirmed/tcpdump-4.9.2/composition/klee_results/02_11/klee-out /home/vishva/ChainingPaper/confirmed/tcpdump-4.9.2/composition/klee_results/02_11/linked.bc
KLEE: WARNING: Module and host target triples do not match: 'x86_64-unknown-linux-gnu' != 'x86_64-pc-linux-gnu'
This may cause unexpected crashes or assertion violations.
KLEE: output directory is "/home/vishva/ChainingPaper/confirmed/tcpdump-4.9.2/composition/klee_results/02_11/klee-out"
KLEE: Using STP solver backend
KLEE: SAT solver: MiniSat
KLEE: Deterministic allocator: Using quarantine queue size 8
KLEE: Deterministic allocator: globals (start-address=0x7be7dfe00000 size=10 GiB)
KLEE: Deterministic allocator: constants (start-address=0x7be55fe00000 size=10 GiB)
KLEE: Deterministic allocator: heap (start-address=0x7ae55fe00000 size=1024 GiB)
KLEE: Deterministic allocator: stack (start-address=0x7ac55fe00000 size=128 GiB)
KLEE: ERROR: driver_02_11.c:42: ASSERTION FAIL: 0 && "BOTH_REACHABLE_02_11"
KLEE: NOTE: now ignoring this error at this location
KLEE: HaltTimer invoked
KLEE: halting execution, dumping remaining states

KLEE: done: total instructions = 354052
KLEE: done: completed paths = 3258
KLEE: done: partially completed paths = 3853
KLEE: done: generated tests = 6720

$ klee.ktest-tool /home/vishva/ChainingPaper/confirmed/tcpdump-4.9.2/composition/klee_results/02_11/klee-out/test000006.ktest
ktest file : '/home/vishva/ChainingPaper/confirmed/tcpdump-4.9.2/composition/klee_results/02_11/klee-out/test000006.ktest'
args       : ['/home/vishva/ChainingPaper/confirmed/tcpdump-4.9.2/composition/klee_results/02_11/linked.bc']
num objects: 2
object 0: name: 'buf'
object 0: size: 64
object 0: data: b'\x05\x04\xff\xff\xff\xff\xff\xff\xff\xff\xff\xff\xff\xff\xff\xff\xff\xff\xff\xff\xff\xff\xff\xff\xff\xff\xff\xff\xff\xff\xff\xff\xff\xff\xff\xff\xff\xff\xff\xff\xff\xff\xff\xff\xff\xff\xff\xff\xff\xff\xff\xff\xff\xff\xff\xff\xff\xff\xff\xff\xff\xff\xff\xff'
object 0: hex : 0x0504ffffffffffffffffffffffffffffffffffffffffffffffffffffffffffffffffffffffffffffffffffffffffffffffffffffffffffffffffffffffffffff
object 0: text: ................................................................
object 1: name: 'len'
object 1: size: 4
object 1: data: b'\x05\x00\x00\x00'
object 1: hex : 0x05000000
object 1: int : 5
object 1: uint: 5
object 1: text: ....

$ klee.ktest-tool /home/vishva/ChainingPaper/confirmed/tcpdump-4.9.2/composition/klee_results/02_11/klee-out/test000006.ktest
ktest file : '/home/vishva/ChainingPaper/confirmed/tcpdump-4.9.2/composition/klee_results/02_11/klee-out/test000006.ktest'
args       : ['/home/vishva/ChainingPaper/confirmed/tcpdump-4.9.2/composition/klee_results/02_11/linked.bc']
num objects: 2
object 0: name: 'buf'
object 0: size: 64
object 0: data: b'\x05\x04\xff\xff\xff\xff\xff\xff\xff\xff\xff\xff\xff\xff\xff\xff\xff\xff\xff\xff\xff\xff\xff\xff\xff\xff\xff\xff\xff\xff\xff\xff\xff\xff\xff\xff\xff\xff\xff\xff\xff\xff\xff\xff\xff\xff\xff\xff\xff\xff\xff\xff\xff\xff\xff\xff\xff\xff\xff\xff\xff\xff\xff\xff'
object 0: hex : 0x0504ffffffffffffffffffffffffffffffffffffffffffffffffffffffffffffffffffffffffffffffffffffffffffffffffffffffffffffffffffffffffffff
object 0: text: ................................................................
object 1: name: 'len'
object 1: size: 4
object 1: data: b'\x05\x00\x00\x00'
object 1: hex : 0x05000000
object 1: int : 5
object 1: uint: 5
object 1: text: ....

