  [i] Build headers: 1 templates found, 0 headers generated
  [i] Loaded: compile_commands.json
  [i] Loaded: fact_pack.json
  [i] Loaded: findings.json
  [i] Spec loaded: 055_print-bgp.c_1248_local_cpp_cwe-120-overflow.json
  [SA] fact_pack: 811 findings (list format)
  [i] Vulnerable function: decode_clnp_prefix
  [i] Entry from source scan: bgp_attr_print
  [!] Entry 'bgp_attr_print' is static — searching for public caller
  [✓] Found public entry: bgp_print
  [✓] New spine: bgp_print → bgp_header_print → bgp_update_print → bgp_attr_print → decode_clnp_prefix
  [SA] Compile flags from compile_commands: 8 flags, build_dir=/app/dataset/tcp/tcpdump-4.9.2
  [i] Struct groom: 0 guards, 26 stub prescriptions, 8 constants
  [i] SA context written to /app/se_runs/sailor_engine/tcpdump-4.9.2/055_print-bgp.c_1248_local_cpp_cwe-120-overflow/sa_context
  [Turn 1] Thought: Read SA context once to obtain the vulnerability summary, source context, struct defs, switch case, and driver_hint. Then I can write a minimal harness/driver without extra research.
  [Turn 1] Tool: ReadSAContext
  [Turn 2] Thought: I have the vulnerability summary. Next I need the specific source excerpt around the sink and the path labels, so I can write the minimal neutralized harness and driver correctly. I’ll read the summary file content for the source context and driver hints.
  [Turn 2] Tool: ReadSAContext
  [Turn 3] Tool: GatherCode
  [Tool] GatherCode(funcs=bgp_print,bgp_header_print,bgp_update_print,bgp_attr_print,decode_clnp_prefix, types=netdissect_options)
  [Turn 4] Thought: I have enough source for the spine excerpt. Next I need the exact struct definition for netdissect_options and any driver/stub helper context, so I can build a minimal harness and symbolic driver that satisfies bgp_print's preconditions without extra guards.
  [Turn 4] Tool: ReadSAContext
  [System] BLOCKED: ReadSAContext called 3 times (limit: 2)
  [!] JSON parse failed (attempt 1/3), retrying...
  [Turn 5] Thought: Harness and driver are written. Next step is CompileSlice to see whether the minimal spine compiles and whether KLEE reaches the sink. I used symbolic buffer setup and forced BGP_UPDATE in the header to drive into bgp_update_print → bgp_attr_print → decode_clnp_prefix.
  [Turn 5] Tool: CompileSlice
  [Tool] CompileSlice
    [i] Skipped harness_types.h injection into driver.c (NO_HARNESS_TYPES marker)
    [i] Skipped harness_types.h injection into stubs.c (NO_HARNESS_TYPES marker)
    [i] Auto-including /app/dataset/tcp/tcpdump-4.9.2/config.h
    [+] driver.c -> OK
    [+] print-bgp.c -> OK
    [+] smart_stubs.c -> OK
    [+] stubs.c -> OK
    [KLEE] Running: timeout=300s
    [KLEE] Command: /opt/klee/bin/klee --output-dir=/app/se_runs/sailor_engine/tcpdump-4.9.2/055_print-bgp.c_1248_local_cpp_cwe-120-overflow/logs/klee_run_1 --max-time=300s --write-kqueries --write-smt2s --optimize --search=random-path --search=dfs --only-output-states-covering-new --external-calls=all --check-overshift --max-depth=1000 --max-memory=2048 /app/se_runs/sailor_engine/tcpdump-4.9.2/055_print-bgp.c_1248_local_cpp_cwe-120-overflow/harness/slice.bc
    KLEE: output directory is "/app/se_runs/sailor_engine/tcpdump-4.9.2/055_print-bgp.c_1248_local_cpp_cwe-120-overflow/logs/klee_run_1"
    KLEE: Using Z3 solver backend
    KLEE: Deterministic allocator: Using quarantine queue size 8
    KLEE: Deterministic allocator: globals (start-address=0x7859122d2000 size=10 GiB)
    KLEE: Deterministic allocator: constants (start-address=0x7856922d2000 size=10 GiB)
    KLEE: Deterministic allocator: heap (start-address=0x7756922d2000 size=1024 GiB)
    KLEE: Deterministic allocator: stack (start-address=0x7736922d2000 size=128 GiB)
    KLEE: WARNING: undefined reference to function: bgp_header_print
    KLEE: WARNING ONCE: Alignment of memory from call "calloc" is not modelled. Using alignment of 8.
    KLEE: WARNING ONCE: bgp_print: SPINE_PROBE:bgp_print:ENTRY
    KLEE: WARNING ONCE: skipping fork (memory cap exceeded)
    KLEE: ERROR: runtime/Freestanding/memcmp.c:47: memory error: out of bound pointer
    KLEE: NOTE: now ignoring this error at this location
    KLEE: WARNING ONCE: silently concretizing (reason: external call) expression (Read w8 0 buf) to value 0 (print-bgp.c:56)
    KLEE: WARNING ONCE: calling external: bgp_header_print(131454221492224, 131729099399209, (ZExt w32 (Extract w16 0 (Or w32 (AShr w32 N0:(ZExt w32 (ReadLSB w16 41 buf))
    KLEE: ERROR: print-bgp.c:56: failed external call: bgp_header_print
    KLEE: NOTE: now ignoring this error at this location
    KLEE: WARNING: killing 24566 states (over memory cap: 2149MB)
    KLEE: HaltTimer invoked
    KLEE: halting execution, dumping remaining states
    KLEE: done: total instructions = 43273926
    KLEE: done: completed paths = 148
    KLEE: done: partially completed paths = 522789
    KLEE: done: generated tests = 6
    [KLEE] Exit code: 0, Elapsed: 311.2s
    [KLEE] Log saved: /app/se_runs/sailor_engine/tcpdump-4.9.2/055_print-bgp.c_1248_local_cpp_cwe-120-overflow/logs/klee_1.log
    [KLEE] Resolved runtime crash memcmp.c:47 → print-bgp.c:48
    [KLEE] Crash: CRASH: ptr at print-bgp.c:48
    [KLEE] SPINE COVERAGE: bgp_print: REACHED [ENTRY] | bgp_header_print: NOT REACHED | bgp_update_print: NOT REACHED | bgp_attr_print: NOT REACHED | decode_clnp_prefix: NOT REACHED
    [KLEE] Results: bug_found=True, sink_reached=False, paths=148, tests=6
    [KLEE] Crash: CRASH: ptr at print-bgp.c:48
    [KLEE] Diagnostics: EXTERNAL CALLS (needs stubs): bgp_header_print; MEMORY ERROR detected by KLEE.; SPINE COVERAGE: bgp_print: REACHED [ENTRY] | bgp_header_print: NOT REACHED | bgp_update_print: NOT REACHED | bgp_attr_print: NOT REACHED | decode_clnp_prefix: NOT REACHED; BLOCKED: Reached bgp_print (ENTRY) but decode_clnp_prefix NOT REACHED.; The call chain breaks at bgp_print → bgp_header_print. LIKELY CAUSE: The harness 'neutralized' bgp_print too aggressively, removing the call to bgp_header_print. FIX: In WriteHarness, ensure bgp_print CALLS bgp_header_print. Neutralization must KEEP calls to spine functions (remove only off-path code, NOT the call to the next spine function). Check the harness .c file for a call to bgp_header_print().
    [+] Line map: 46 harness lines mapped to original source
Done.
