  [i] Copying source tree to /app/se_runs/sailor_engine/tcpdump-4.9.2/052_print-802_11.c_1180_local_cpp_cwe-120-overflow/src_copy...
  [i] Source copy ready (2127 files)
  [i] Build headers: 1 templates found, 0 headers generated
  [i] Build headers: 1 templates found, 0 headers generated
  [i] Loaded: compile_commands.json
  [i] Loaded: fact_pack.json
  [i] Loaded: findings.json
  [i] Spec loaded: 052_print-802_11.c_1180_local_cpp_cwe-120-overflow.json
  [SA] fact_pack: 811 findings (list format)
  [i] Vulnerable function: parse_elements
  [i] Entry from source scan: handle_beacon
  [!] Entry 'handle_beacon' is static — searching for public caller
  [✓] Found public entry: ieee802_11_if_print
  [✓] New spine: ieee802_11_if_print → ieee802_11_print → mgmt_body_print → handle_beacon → parse_elements
  [SA] Compile flags from compile_commands: 8 flags, build_dir=/app/dataset/tcp/tcpdump-4.9.2
  [i] Struct groom: 1 guards, 8 stub prescriptions, 1 constants
  [i] SA context written to /app/se_runs/sailor_engine/tcpdump-4.9.2/052_print-802_11.c_1180_local_cpp_cwe-120-overflow/sa_context
  [i] Auto-generated baseline driver.c (930 chars)
  [Turn 1] Tool: ReadSAContext
  [Turn 2] Tool: GatherCode
  [Tool] GatherCode(funcs=ieee802_11_if_print,parse_elements, types=netdissect_options,pcap_pkthdr,mgmt_body_t)
  [!] JSON parse failed (attempt 1/3), retrying...
  [Turn 3] Thought: Need fix harness/driver JSON only; compile likely next, but first write minimal pass-through entry and concrete driver. Use known struct from summary and smart excerpt; no extra research.
  [Turn 3] Tool: WriteDriver
  [Tool] WriteDriver: 978 chars
  [Turn 4] Thought: Need write harness next: minimal neutralized entry only, likely unresolved symbols auto-stubbed. Must ensure no guards in entry. parse_elements not fully written because driver may use existing source spine? But need harness file containing entry/vuln path; likely extracted source not yet. However user asked driver.c only? We should proceed with harness using minimal stubs maybe auto-generated? Need inspect compile later, but turn budget suggests write harness now.
  [Turn 4] Tool: WriteHarness
    [+] Wrote harness: print-802_11.c (84 lines)
    [+] Inserted 4 spine coverage probes
    [+] Injected sink assert at end of parse_elements (line 85)
    [+] Injected spine probes
    [+] Line map: 51 harness lines mapped to original source
    [+] Generated harness_types.h (34 lines, 3 structs, 2 typedefs)
    [i] Driver MUST: #include "harness_types.h" for correct struct layouts
    [⚠] BROKEN CALL CHAIN: ieee802_11_print does NOT call mgmt_body_print!
    [⚠] mgmt_body_print not defined in harness — auto-generating skeleton
    [✓] AUTO-GENERATED skeleton for mgmt_body_print (0 lines)
    [✓] AUTO-FIX: Injected 'mgmt_body_print(...)' into ieee802_11_print's body
    [⚠] BROKEN CALL CHAIN: mgmt_body_print does NOT call handle_beacon!
    [⚠] handle_beacon not defined in harness — auto-generating skeleton
    [✓] AUTO-GENERATED skeleton for handle_beacon (0 lines)
    [✓] AUTO-FIX: Injected 'handle_beacon(...)' into mgmt_body_print's body
    [⚠] BROKEN CALL CHAIN: handle_beacon does NOT call parse_elements!
    [✓] AUTO-FIX: Injected 'parse_elements(...)' into handle_beacon's body
    [✓] Harness call chain auto-fixed and saved
  [Turn 5] Thought: Need compile now; maybe harness currently has dummy ieee802_11_print, parse_elements not wired. But compile/run will reveal. Use CompileSlice.
  [Turn 5] Tool: CompileSlice
  [Tool] CompileSlice
    [i] Skipped harness_types.h injection into driver.c (has own struct defs)
    [i] Generating smart stubs...
    [i] SmartStubs: 0 symbolic + 0 hardcoded + 0 proactive → smart_stubs.c
    [i] Auto-including /app/dataset/tcp/tcpdump-4.9.2/config.h
  [Turn 6] Thought: Fix driver by removing pcap_pkthdr redefinition and including harness_types.h only. Need keep pcap.h for system struct. Use ReplaceCode.
  [Turn 6] Tool: ReplaceCode
  [Turn 7] Tool: CompileSlice
  [Tool] CompileSlice
    [i] Auto-including /app/dataset/tcp/tcpdump-4.9.2/config.h
    [+] driver.c -> OK
  [Turn 8] Thought: Need remove auto-injected call or make forward decl static. Safer rewrite harness to add static prototype before use and keep no duplicate? Use ReplaceCode on file. Probably simpler insert prototype before call or remove injected call not needed. We'll replace the injected call line with comment/no-op, since driver currently calls entry maybe not path. But harness should expose parse_elements maybe call chain from ieee802_11_print stub can directly call parse_elements. Let's fix by adding prototype before ieee802_11_print and calling parse_elements there, but current line 38 has call without prototype. We'll patch with forward declaration. 
  [Turn 8] Tool: ReplaceCode
  [Turn 9] Tool: ReadSource
  [Turn 10] Thought: Need fix parse_elements prototype issue by making forward declaration above handle_beacon, and handle_beacon should pass valid body not 0. Also need driver include harness_types only already. Let's patch harness file directly. Then compile.
  [Turn 10] Tool: ReplaceCode
  [Turn 11] Tool: CompileSlice
  [Tool] CompileSlice
    [i] Auto-including /app/dataset/tcp/tcpdump-4.9.2/config.h
    [+] driver.c -> OK
    [+] print-802_11.c -> OK
    [+] smart_stubs.c -> OK
    [KLEE] Running: timeout=300s
    [KLEE] Command: /opt/klee/bin/klee --output-dir=/app/se_runs/sailor_engine/tcpdump-4.9.2/052_print-802_11.c_1180_local_cpp_cwe-120-overflow/logs/klee_run_1 --max-time=300s --write-kqueries --write-smt2s --optimize --search=random-path --search=dfs --only-output-states-covering-new --external-calls=all --check-overshift --max-depth=1000 --max-memory=2048 /app/se_runs/sailor_engine/tcpdump-4.9.2/052_print-802_11.c_1180_local_cpp_cwe-120-overflow/harness/slice.bc
    KLEE: output directory is "/app/se_runs/sailor_engine/tcpdump-4.9.2/052_print-802_11.c_1180_local_cpp_cwe-120-overflow/logs/klee_run_1"
    KLEE: Using Z3 solver backend
    KLEE: Deterministic allocator: Using quarantine queue size 8
    KLEE: Deterministic allocator: globals (start-address=0x7347ceb11000 size=10 GiB)
    KLEE: Deterministic allocator: constants (start-address=0x73454eb11000 size=10 GiB)
    KLEE: Deterministic allocator: heap (start-address=0x72454eb11000 size=1024 GiB)
    KLEE: Deterministic allocator: stack (start-address=0x72254eb11000 size=128 GiB)
    KLEE: WARNING ONCE: Alignment of memory from call "calloc" is not modelled. Using alignment of 8.
    KLEE: WARNING ONCE: ieee802_11_if_print: SPINE_PROBE:ieee802_11_if_print:ENTRY
    KLEE: ERROR: print-802_11.c:78: memory error: out of bound pointer
    KLEE: NOTE: now ignoring this error at this location
    KLEE: HaltTimer invoked
    KLEE: halting execution, dumping remaining states
    KLEE: done: total instructions = 81340
    KLEE: done: completed paths = 0
    KLEE: done: partially completed paths = 1899
    KLEE: done: generated tests = 4
    [KLEE] Exit code: 0, Elapsed: 300.7s
    [KLEE] Log saved: /app/se_runs/sailor_engine/tcpdump-4.9.2/052_print-802_11.c_1180_local_cpp_cwe-120-overflow/logs/klee_1.log
    [KLEE] Crash: CRASH: ptr at print-802_11.c:78
    [KLEE] SPINE COVERAGE: ieee802_11_if_print: REACHED [ENTRY] | ieee802_11_print: NOT REACHED | mgmt_body_print: NOT REACHED | handle_beacon: NOT REACHED | parse_elements: NOT REACHED
    [KLEE] Results: bug_found=True, sink_reached=False, paths=0, tests=4
    [KLEE] Crash: CRASH: ptr at print-802_11.c:78
    [KLEE] Diagnostics: MEMORY ERROR detected by KLEE.; SPINE COVERAGE: ieee802_11_if_print: REACHED [ENTRY] | ieee802_11_print: NOT REACHED | mgmt_body_print: NOT REACHED | handle_beacon: NOT REACHED | parse_elements: NOT REACHED; BLOCKED: Reached ieee802_11_if_print (ENTRY) but parse_elements NOT REACHED.; The call chain breaks at ieee802_11_if_print → ieee802_11_print. LIKELY CAUSE: The harness 'neutralized' ieee802_11_if_print too aggressively, removing the call to ieee802_11_print. FIX: In WriteHarness, ensure ieee802_11_if_print CALLS ieee802_11_print. Neutralization must KEEP calls to spine functions (remove only off-path code, NOT the call to the next spine function). Check the harness .c file for a call to ieee802_11_print().
Done.
