KLEE: output directory is "/app/se_runs/sailor_engine/tcpdump-4.9.2/093_print-cdp.c_322_local_cpp_cwe-125-oob-read/logs/klee_run_1"
KLEE: Using Z3 solver backend
KLEE: Deterministic allocator: Using quarantine queue size 8
KLEE: Deterministic allocator: globals (start-address=0x70bb5ca39000 size=10 GiB)
KLEE: Deterministic allocator: constants (start-address=0x70b8dca39000 size=10 GiB)
KLEE: Deterministic allocator: heap (start-address=0x6fb8dca39000 size=1024 GiB)
KLEE: Deterministic allocator: stack (start-address=0x6f98dca39000 size=128 GiB)
KLEE: WARNING ONCE: Alignment of memory from call "calloc" is not modelled. Using alignment of 8.
KLEE: WARNING ONCE: cdp_print: SPINE_PROBE:cdp_print:ENTRY
KLEE: ERROR: print-cdp.c:83: memory error: out of bound pointer
KLEE: NOTE: now ignoring this error at this location
KLEE: ERROR: print-cdp.c:84: memory error: out of bound pointer
KLEE: NOTE: now ignoring this error at this location
KLEE: ERROR: print-cdp.c:84: memory error: out of bound pointer
KLEE: NOTE: now ignoring this error at this location
KLEE: ERROR: print-cdp.c:57: memory error: invalid pointer: klee_get_obj_size
KLEE: NOTE: now ignoring this error at this location
KLEE: ERROR: print-cdp.c:46: memory error: out of bound pointer
KLEE: NOTE: now ignoring this error at this location
KLEE: ERROR: print-cdp.c:46: memory error: out of bound pointer
KLEE: NOTE: now ignoring this error at this location
KLEE: ERROR: print-cdp.c:47: memory error: out of bound pointer
KLEE: NOTE: now ignoring this error at this location
KLEE: ERROR: print-cdp.c:47: memory error: out of bound pointer
KLEE: NOTE: now ignoring this error at this location
KLEE: ERROR: print-cdp.c:48: memory error: out of bound pointer
KLEE: NOTE: now ignoring this error at this location
KLEE: ERROR: print-cdp.c:48: memory error: out of bound pointer
KLEE: NOTE: now ignoring this error at this location
KLEE: ERROR: print-cdp.c:49: memory error: out of bound pointer
KLEE: NOTE: now ignoring this error at this location
KLEE: ERROR: print-cdp.c:49: memory error: out of bound pointer
KLEE: NOTE: now ignoring this error at this location
KLEE: HaltTimer invoked
KLEE: halting execution, dumping remaining states

KLEE: done: total instructions = 2594
KLEE: done: completed paths = 39
KLEE: done: partially completed paths = 152
KLEE: done: generated tests = 18

